build/outputs/logs/manifest-merger-debug-report.txt
-- Merging decision tree log ---
manifest
ADDED from BossLibLite\AndroidManifest.xml:1:1-17:12
INJECTED from BossLibLite\AndroidManifest.xml:1:1-17:12
INJECTED from BossLibLite\AndroidManifest.xml:1:1-17:12
INJECTED from BossLibLite\AndroidManifest.xml:1:1-17:12
INJECTED from BossLibLite\AndroidManifest.xml:1:1-17:12
INJECTED from BossLibLite\AndroidManifest.xml:1:1-17:12
INJECTED from BossLibLite\AndroidManifest.xml:1:1-17:12
	package
		ADDED from BossLibLite\AndroidManifest.xml:2:5-35
		INJECTED from BossLibLite\AndroidManifest.xml
		INJECTED from BossLibLite\AndroidManifest.xml
	android:versionName
		INJECTED from BossLibLite\AndroidManifest.xml
		ADDED from BossLibLite\AndroidManifest.xml:1:1-17:12
		INJECTED from BossLibLite\AndroidManifest.xml
	android:versionCode
		INJECTED from BossLibLite\AndroidManifest.xml
		ADDED from BossLibLite\AndroidManifest.xml:1:1-17:12
		INJECTED from BossLibLite\AndroidManifest.xml
	xmlns:android
		ADDED from BossLibLite\AndroidManifest.xml:1:11-69
application
ADDED from BossLibLite\AndroidManifest.xml:10:5-16:43
	android:supportsRtl
		ADDED from BossLibLite\AndroidManifest.xml:15:9-35
	android:label
		ADDED from BossLibLite\AndroidManifest.xml:13:9-41
	android:roundIcon
		ADDED from BossLibLite\AndroidManifest.xml:14:9-54
	android:icon
		ADDED from BossLibLite\AndroidManifest.xml:12:9-43
	android:allowBackup
		ADDED from BossLibLite\AndroidManifest.xml:11:9-35
	android:theme
		ADDED from BossLibLite\AndroidManifest.xml:16:9-40
uses-sdk
INJECTED from BossLibLite\AndroidManifest.xml reason: use-sdk injection requested
INJECTED from BossLibLite\AndroidManifest.xml
INJECTED from BossLibLite\AndroidManifest.xml
INJECTED from BossLibLite\AndroidManifest.xml
INJECTED from BossLibLite\AndroidManifest.xml
	android:targetSdkVersion
		INJECTED from BossLibLite\AndroidManifest.xml
		ADDED from BossLibLite\AndroidManifest.xml
		INJECTED from BossLibLite\AndroidManifest.xml
	android:minSdkVersion
		INJECTED from BossLibLite\AndroidManifest.xml
		ADDED from BossLibLite\AndroidManifest.xml
		INJECTED from BossLibLite\AndroidManifest.xml